<?xml version="1.0" encoding="UTF-8"?>
<!-- Generated by org.testng.reporters.JUnitReportReporter -->
<testsuite skipped="0" hostname="MACPRO146.local" name="Reporting.ReortExample" tests="1" failures="0" timestamp="18 Jun 2019 10:09:02 GMT" time="2.254" errors="0">
  <testcase name="extentReportsDemo" time="2.254" classname="Reporting.ReortExample"/>
</testsuite> <!-- Reporting.ReortExample -->
